<?xml version="1.0" encoding="UTF-8"?>
<!-- Generated by org.testng.reporters.JUnitXMLReporter -->
<testsuite hostname="vanitha" ignored="0" name="Default test" tests="4" failures="0" timestamp="2021-01-30T11:40:27 IST" time="0.111" errors="0">
  <testcase name="mobile" time="0.016" classname="com.Sheet.Priority"/>
  <testcase name="phone" time="0.016" classname="com.Sheet.Priority"/>
  <testcase name="laptop" time="0.0" classname="com.Sheet.Priority"/>
  <testcase name="music_Player" time="0.0" classname="com.Sheet.Priority"/>
</testsuite> <!-- Default test -->
