<?xml version="1.0" encoding="UTF-8"?>
<!-- Generated by org.testng.reporters.JUnitXMLReporter -->
<testsuite hostname="vanitha" ignored="2" name="Test" tests="5" failures="0" timestamp="2021-01-30T11:51:48 IST" time="0.079" errors="0">
  <testcase name="books" time="0.015" classname="com.Sheet.Grouping_1"/>
  <testcase name="earphone" time="0.0" classname="com.Sheet.Grouping_1"/>
  <testcase name="laptop_Search" time="0.016" classname="com.Sheet.Grouping_1"/>
  <testcase name="mobile_Search" time="0.0" classname="com.Sheet.Grouping_1"/>
  <testcase name="navel" time="0.0" classname="com.Sheet.Grouping_1"/>
  <testcase name="ajith" time="0.0" classname="com.Sheet.Grouping_1">
    <ignored/>
  </testcase> <!-- ajith -->
  <testcase name="karthik" time="0.0" classname="com.Sheet.Grouping_1">
    <ignored/>
  </testcase> <!-- karthik -->
</testsuite> <!-- Test -->
